<?xml version="1.0" encoding="UTF-8"?>
<testsuite xmlns:xsi="http://www.w3.org/2001/XMLSchema-instance" xsi:noNamespaceSchemaLocation="https://maven.apache.org/surefire/maven-surefire-plugin/xsd/surefire-test-report.xsd" name="testcases.AtomIQRegressionTest" time="69.5" tests="2" errors="0" skipped="0" failures="0">
  <properties>
[...]
</properties>
  <testcase name="login" classname="testcases.AtomIQRegressionTest" time="26.717"/>
  <testcase name="datasetCreation" classname="testcases.AtomIQRegressionTest" time="38.123"/>
</testsuite>