<?xml version="1.0" encoding="UTF-8"?>
<testng-results ignored="0" total="2" passed="2" failed="0" skipped="0">
  <reporter-output>
  </reporter-output>
  <suite started-at="2022-07-07T22:34:09 IST" name="Surefire suite" finished-at="2022-07-07T22:35:18 IST" duration-ms="69104">
    <groups>
    </groups>
    <test started-at="2022-07-07T22:34:09 IST" name="Surefire test" finished-at="2022-07-07T22:35:18 IST" duration-ms="69104">
      <class name="testcases.AtomIQRegressionTest">
        <test-method is-config="true" signature="callURL()[pri:0, instance:testcases.AtomIQRegressionTest@1649b0e6]" started-at="2022-07-07T22:34:09 IST" name="callURL" finished-at="2022-07-07T22:34:12 IST" duration-ms="3861" status="PASS">
          <reporter-output>
          </reporter-output>
        </test-method> <!-- callURL -->
        <test-method signature="login()[pri:1, instance:testcases.AtomIQRegressionTest@1649b0e6]" started-at="2022-07-07T22:34:13 IST" name="login" finished-at="2022-07-07T22:34:39 IST" duration-ms="26714" status="PASS">
          <reporter-output>
          </reporter-output>
        </test-method> <!-- login -->
        <test-method signature="datasetCreation()[pri:2, instance:testcases.AtomIQRegressionTest@1649b0e6]" started-at="2022-07-07T22:34:39 IST" name="datasetCreation" finished-at="2022-07-07T22:35:17 IST" duration-ms="38122" status="PASS">
          <reporter-output>
          </reporter-output>
        </test-method> <!-- datasetCreation -->
        <test-method is-config="true" signature="finishTest()[pri:0, instance:testcases.AtomIQRegressionTest@1649b0e6]" started-at="2022-07-07T22:35:17 IST" name="finishTest" finished-at="2022-07-07T22:35:18 IST" duration-ms="368" status="PASS">
          <reporter-output>
          </reporter-output>
        </test-method> <!-- finishTest -->
      </class> <!-- testcases.AtomIQRegressionTest -->
    </test> <!-- Surefire test -->
  </suite> <!-- Surefire suite -->
</testng-results>
